<?xml version="1.0" encoding="UTF-8"?>
<!-- Generated by org.testng.reporters.JUnitReportReporter -->
<testsuite skipped="0" hostname="Rahman-PC" name="TC_001" tests="1" failures="0" timestamp="25 Jan 2020 03:24:32 GMT" time="15.435" errors="0">
  <testcase name="testcase1" time="15.435" classname="TC_001"/>
</testsuite> <!-- TC_001 -->
