<?xml version="1.0" encoding="UTF-8"?>
<!-- Generated by org.testng.reporters.JUnitReportReporter -->
<testsuite skipped="0" hostname="Rahman-PC" name="TestCases.TC_002" tests="1" failures="0" timestamp="25 Jan 2020 17:14:39 GMT" time="16.302" errors="0">
  <testcase name="testcase2" time="16.302" classname="TestCases.TC_002"/>
</testsuite> <!-- TestCases.TC_002 -->
