<?xml version="1.0" encoding="UTF-8"?>
<!-- Generated by org.testng.reporters.JUnitReportReporter -->
<testsuite skipped="0" hostname="Rahman-PC" name="TestCases.TC_003" tests="1" failures="0" timestamp="25 Jan 2020 17:14:39 GMT" time="20.326" errors="0">
  <testcase name="testcase3" time="20.326" classname="TestCases.TC_003"/>
</testsuite> <!-- TestCases.TC_003 -->
